[2021-03-02 23:53:08 Logs]玩家 BestWheel103772 在主世界 (-2219, 81, -983) 操作  物品。
[2021-03-02 23:56:29 Logs]玩家 BestWheel103772 开启在主世界 (-2220, 81, -983) 的箱子。
[2021-03-02 23:56:29 Logs]玩家 BestWheel103772 在主世界 (-2220, 81, -983) 操作  物品。
[2021-03-02 23:56:36 Logs]玩家 BestWheel103772 取出 5 槽内物品。
[2021-03-02 23:56:36 Logs]玩家 BestWheel103772 关闭在主世界 (-2220, 81, -983) 的箱子。
[2021-03-02 23:56:38 Logs]玩家 BestWheel103772 在主世界 (-2219, 81, -988) 放置 minecraft:shulker_box 方块。
[2021-03-02 23:56:38 Logs]玩家 BestWheel103772 在主世界 (-2219, 80, -988) 操作 White Shulker Box 物品。
[2021-03-02 23:56:39 Logs]玩家 BestWheel103772 开启在主世界 (-2219, 81, -988) 的箱子。
[2021-03-02 23:56:39 Logs]玩家 BestWheel103772 在主世界 (-2219, 81, -988) 操作  物品。
[2021-03-02 23:56:41 Logs]玩家 BestWheel103772 取出 21 槽内物品。
[2021-03-02 23:56:41 Logs]玩家 BestWheel103772 关闭在主世界 (-2219, 81, -988) 的箱子。
[2021-03-02 23:56:44 Logs]玩家 BestWheel103772 在主世界 (-2218, 81, -984) 放置 minecraft:bed 方块。
[2021-03-02 23:56:44 Logs]玩家 BestWheel103772 在主世界 (-2218, 80, -985) 操作 White Bed 物品。
[2021-03-02 23:56:45 Logs]玩家 BestWheel103772 在主世界 (-2218, 81, -985) 操作  物品。
[2021-03-02 23:57:43 Logs]玩家 BestWheel103772 在主世界 (-2216, 82, -986) 破坏 minecraft:planks 方块。
[2021-03-02 23:57:46 Logs]玩家 BestWheel103772 悬空地 在主世界 (-2216, 82, -986) 放置 minecraft:planks 方块。
[2021-03-02 23:57:46 Logs]玩家 BestWheel103772 悬空地 在主世界 (-2216, 81, -986) 操作 Dark Oak Wood Planks 物品。
[2021-03-02 23:58:17 Logs]玩家 BestWheel103772 开启在主世界 (-2219, 81, -988) 的箱子。
[2021-03-02 23:58:17 Logs]玩家 BestWheel103772 在主世界 (-2219, 81, -988) 操作  物品。
[2021-03-02 23:58:20 Logs]玩家 BestWheel103772 关闭在主世界 (-2219, 81, -988) 的箱子。
[2021-03-02 23:58:20 Logs]玩家 BestWheel103772 开启在主世界 (-2219, 81, -988) 的箱子。
[2021-03-02 23:58:20 Logs]玩家 BestWheel103772 在主世界 (-2219, 81, -988) 操作  物品。
[2021-03-02 23:58:22 Logs]玩家 BestWheel103772 关闭在主世界 (-2219, 81, -988) 的箱子。
